{
  "RSpec": {
    "coverage": {
      "/home/uday/sqat/RailsWorkSpace/SQAT_DASHBOARD/app/helpers/application_helper.rb": [
        1,
        1,
        0,
        0,
        0,
        0,
        null,
        0,
        null,
        null
      ],
      "/home/uday/sqat/RailsWorkSpace/SQAT_DASHBOARD/app/helpers/sqat_dashboard_helper.rb": [
        1,
        null,
        null,
        null
      ],
      "/home/uday/sqat/RailsWorkSpace/SQAT_DASHBOARD/app/beans/time_bean.rb": [
        1,
        1,
        1,
        12,
        12,
        12,
        null,
        null
      ],
      "/home/uday/sqat/RailsWorkSpace/SQAT_DASHBOARD/app/beans/test_case_details_bean.rb": [
        1,
        1,
        null,
        1,
        12,
        12,
        12,
        12,
        12,
        12,
        12,
        null,
        null
      ],
      "/home/uday/sqat/RailsWorkSpace/SQAT_DASHBOARD/app/beans/browser_test_case_details_bean.rb": [
        1,
        1,
        null,
        1,
        12,
        12,
        12,
        12,
        null,
        null
      ]
    },
    "timestamp": 1363934146
  }
}
