{
  "RSpec": {
    "coverage": {
      "/home/uday/sqat/RailsWorkSpace/SQAT_DASHBOARD/app/helpers/application_helper.rb": [
        1,
        1,
        0,
        0,
        0,
        null,
        0,
        null,
        null,
        null,
        null
      ],
      "/home/uday/sqat/RailsWorkSpace/SQAT_DASHBOARD/app/helpers/home_helper.rb": [
        1,
        null,
        null,
        null,
        null,
        null
      ],
      "/home/uday/sqat/RailsWorkSpace/SQAT_DASHBOARD/app/helpers/sqat_dashboard_helper.rb": [
        1,
        null,
        null,
        null
      ],
      "/home/uday/sqat/RailsWorkSpace/SQAT_DASHBOARD/app/handlers/test_case_details_handler.rb": [
        1,
        1,
        1,
        1,
        1,
        1,
        null,
        1,
        0,
        null,
        null,
        1,
        6,
        6,
        null,
        6,
        null,
        6,
        6,
        null,
        6,
        6,
        6,
        6,
        6,
        6,
        252,
        252,
        252,
        252,
        252,
        252,
        252,
        252,
        252,
        252,
        252,
        null,
        252,
        null,
        252,
        null,
        252,
        null,
        6,
        6,
        null,
        6,
        null,
        null,
        null,
        1,
        253,
        null,
        null,
        1,
        0,
        null,
        null,
        null,
        null,
        null,
        null,
        null,
        null,
        null,
        null,
        null,
        null,
        null,
        null,
        null,
        null,
        null,
        null,
        null,
        null,
        null,
        null,
        null,
        null,
        null,
        null,
        null,
        null,
        null,
        null,
        null,
        null,
        null,
        null,
        null,
        null,
        null,
        null,
        null,
        null,
        null
      ],
      "/home/uday/sqat/RailsWorkSpace/SQAT_DASHBOARD/app/beans/time_bean.rb": [
        1,
        1,
        1,
        257,
        257,
        257,
        null,
        null
      ],
      "/home/uday/sqat/RailsWorkSpace/SQAT_DASHBOARD/app/beans/test_case_details_bean.rb": [
        1,
        1,
        null,
        1,
        253,
        253,
        253,
        253,
        253,
        253,
        253,
        null,
        null
      ],
      "/home/uday/sqat/RailsWorkSpace/SQAT_DASHBOARD/app/beans/browser_test_case_details_bean.rb": [
        1,
        1,
        null,
        1,
        7,
        7,
        7,
        7,
        null,
        null
      ],
      "/home/uday/sqat/RailsWorkSpace/SQAT_DASHBOARD/app/dao/test_case_details_db.rb": [
        1,
        1,
        1,
        null,
        1,
        0,
        null,
        null,
        null,
        null,
        null,
        null,
        1,
        0,
        null,
        null,
        null,
        1,
        6,
        null,
        null,
        null,
        null,
        null,
        null,
        null,
        null,
        null,
        null,
        1,
        0,
        null,
        null,
        null,
        null,
        null
      ],
      "/home/uday/sqat/RailsWorkSpace/SQAT_DASHBOARD/app/models/test_case.rb": [
        1,
        1,
        1,
        null,
        null
      ],
      "/home/uday/sqat/RailsWorkSpace/SQAT_DASHBOARD/app/models/test_case_executed.rb": [
        1,
        1,
        1,
        null,
        null,
        null,
        null
      ]
    },
    "timestamp": 1363333378
  }
}
